<?xml version="1.0" encoding="UTF-8"?>
<!-- Generated by org.testng.reporters.JUnitXMLReporter -->
<testsuite ignored="2" hostname="DESKTOP-C9TK0K1" failures="1" tests="1" name="Test(failed)" time="0.094" errors="0" timestamp="2023-05-23T09:58:24 IST">
  <testcase classname="testNgPack2.Demo5" name="r" time="0.016">
    <failure type="java.lang.ArithmeticException" message="/ by zero">
      <![CDATA[java.lang.ArithmeticException: / by zero
at testNgPack2.Demo5.r(Demo5.java:23)
at java.base/java.util.ArrayList.forEach(ArrayList.java:1511)
... Removed 27 stack frames]]>
    </failure>
  </testcase> <!-- r -->
  <testcase classname="testNgPack2.Demo5" name="q" time="0.0">
    <ignored/>
  </testcase> <!-- q -->
  <testcase classname="testNgPack2.Demo5" name="p" time="0.0">
    <ignored/>
  </testcase> <!-- p -->
</testsuite> <!-- Test(failed) -->
