<?xml version="1.0" encoding="UTF-8"?>
<!-- Generated by org.testng.reporters.JUnitXMLReporter -->
<testsuite ignored="0" hostname="DESKTOP-C9TK0K1" failures="0" tests="3" name="Default test" time="0.114" errors="0" timestamp="2023-05-26T11:03:03 IST">
  <testcase classname="testNGFlag.Flag5" name="login" time="0.015"/>
  <testcase classname="testNGFlag.Flag5" name="createUser" time="0.005"/>
  <testcase classname="testNGFlag.Flag5" name="logoutMethod" time="0.006"/>
</testsuite> <!-- Default test -->
