<?xml version="1.0" encoding="UTF-8"?>
<testng-results ignored="0" total="3" passed="3" failed="0" skipped="0">
  <reporter-output>
    <line>
      <![CDATA[login performed!!]]>
    </line>
    <line>
      <![CDATA[user created!!]]>
    </line>
    <line>
      <![CDATA[logout performed!!]]>
    </line>
  </reporter-output>
  <suite started-at="2023-05-26T11:03:03 IST" name="Default suite" finished-at="2023-05-26T11:03:03 IST" duration-ms="114">
    <groups>
    </groups>
    <test started-at="2023-05-26T11:03:03 IST" name="Default test" finished-at="2023-05-26T11:03:03 IST" duration-ms="114">
      <class name="testNGFlag.Flag5">
        <test-method signature="login()[pri:0, instance:testNGFlag.Flag5@77eca502]" started-at="2023-05-26T11:03:03 IST" name="login" description="Login TestCase" finished-at="2023-05-26T11:03:03 IST" duration-ms="15" status="PASS">
          <reporter-output>
            <line>
              <![CDATA[login performed!!]]>
            </line>
          </reporter-output>
        </test-method> <!-- login -->
        <test-method signature="createUser()[pri:0, instance:testNGFlag.Flag5@77eca502]" started-at="2023-05-26T11:03:03 IST" name="createUser" description="CreateUser TestCase" finished-at="2023-05-26T11:03:03 IST" depends-on-methods="testNGFlag.Flag5.login" duration-ms="5" status="PASS">
          <reporter-output>
            <line>
              <![CDATA[user created!!]]>
            </line>
          </reporter-output>
        </test-method> <!-- createUser -->
        <test-method signature="logoutMethod()[pri:0, instance:testNGFlag.Flag5@77eca502]" started-at="2023-05-26T11:03:03 IST" name="logoutMethod" description="logout TestCase" finished-at="2023-05-26T11:03:03 IST" depends-on-methods="testNGFlag.Flag5.createUser" duration-ms="6" status="PASS">
          <reporter-output>
            <line>
              <![CDATA[logout performed!!]]>
            </line>
          </reporter-output>
        </test-method> <!-- logoutMethod -->
      </class> <!-- testNGFlag.Flag5 -->
    </test> <!-- Default test -->
  </suite> <!-- Default suite -->
</testng-results>
