<?xml version="1.0" encoding="UTF-8"?>
<!-- Generated by org.testng.reporters.JUnitXMLReporter -->
<testsuite ignored="2" hostname="DESKTOP-C9TK0K1" failures="0" tests="1" name="Test(failed)(failed)" time="0.097" errors="0" timestamp="2023-05-23T10:00:27 IST">
  <testcase classname="testNgPack2.Demo5" name="r" time="0.018"/>
  <testcase classname="testNgPack2.Demo5" name="q" time="0.0">
    <ignored/>
  </testcase> <!-- q -->
  <testcase classname="testNgPack2.Demo5" name="p" time="0.0">
    <ignored/>
  </testcase> <!-- p -->
</testsuite> <!-- Test(failed)(failed) -->
